2025-09-15 07:55:42,374 INFO: dataset_root = CycleMix/MSCMR_dataset
2025-09-15 07:55:42,374 INFO: out          = Scribble-S4MIS/data/MSCMRseg/MSCMRseg_training_slices
2025-09-15 07:55:42,374 INFO: mode         = slices
2025-09-15 07:55:42,375 INFO: slice_axis   = 0
2025-09-15 07:55:42,497 WARNING: [train|subject13_DE] thiếu label → tạo dummy zeros.
2025-09-15 07:55:43,294 WARNING: [train|subject14_DE] thiếu label → tạo dummy zeros.
2025-09-15 07:55:44,079 WARNING: [train|subject15_DE] thiếu label → tạo dummy zeros.
2025-09-15 07:55:45,074 WARNING: [train|subject18_DE] thiếu label → tạo dummy zeros.
2025-09-15 07:55:45,945 WARNING: [train|subject19_DE] thiếu label → tạo dummy zeros.
2025-09-15 07:55:46,846 WARNING: [train|subject20_DE] thiếu label → tạo dummy zeros.
2025-09-15 07:55:47,693 WARNING: [train|subject21_DE] thiếu label → tạo dummy zeros.
2025-09-15 07:55:48,544 WARNING: [train|subject22_DE] thiếu label → tạo dummy zeros.
2025-09-15 07:55:49,420 WARNING: [train|subject24_DE] thiếu label → tạo dummy zeros.
2025-09-15 07:55:50,319 WARNING: [train|subject25_DE] thiếu label → tạo dummy zeros.
2025-09-15 07:55:51,193 WARNING: [train|subject26_DE] thiếu label → tạo dummy zeros.
2025-09-15 07:55:51,802 WARNING: [train|subject27_DE] thiếu label → tạo dummy zeros.
2025-09-15 07:55:52,861 WARNING: [train|subject2_DE] thiếu label → tạo dummy zeros.
2025-09-15 07:55:53,744 WARNING: [train|subject31_DE] thiếu label → tạo dummy zeros.
2025-09-15 07:55:54,424 WARNING: [train|subject32_DE] thiếu label → tạo dummy zeros.
2025-09-15 07:55:55,215 WARNING: [train|subject34_DE] thiếu label → tạo dummy zeros.
2025-09-15 07:55:56,017 WARNING: [train|subject37_DE] thiếu label → tạo dummy zeros.
2025-09-15 07:55:56,738 WARNING: [train|subject39_DE] thiếu label → tạo dummy zeros.
2025-09-15 07:55:57,557 WARNING: [train|subject42_DE] thiếu label → tạo dummy zeros.
2025-09-15 07:55:58,461 WARNING: [train|subject44_DE] thiếu label → tạo dummy zeros.
2025-09-15 07:55:59,277 WARNING: [train|subject45_DE] thiếu label → tạo dummy zeros.
2025-09-15 07:56:00,071 WARNING: [train|subject4_DE] thiếu label → tạo dummy zeros.
2025-09-15 07:56:00,889 WARNING: [train|subject6_DE] thiếu label → tạo dummy zeros.
2025-09-15 07:56:01,712 WARNING: [train|subject7_DE] thiếu label → tạo dummy zeros.
2025-09-15 07:56:02,540 WARNING: [train|subject9_DE] thiếu label → tạo dummy zeros.
2025-09-15 07:56:03,300 WARNING: [val|subject1_DE] thiếu scribble → tạo dummy zeros.
2025-09-15 07:56:04,132 WARNING: [val|subject29_DE] thiếu scribble → tạo dummy zeros.
2025-09-15 07:56:04,941 WARNING: [val|subject36_DE] thiếu scribble → tạo dummy zeros.
2025-09-15 07:56:05,744 WARNING: [val|subject41_DE] thiếu scribble → tạo dummy zeros.
2025-09-15 07:56:06,412 WARNING: [val|subject8_DE] thiếu scribble → tạo dummy zeros.
2025-09-15 07:56:07,284 WARNING: [TestSet|subject10_DE] thiếu scribble → tạo dummy zeros.
2025-09-15 07:56:08,078 WARNING: [TestSet|subject11_DE] thiếu scribble → tạo dummy zeros.
2025-09-15 07:56:08,962 WARNING: [TestSet|subject12_DE] thiếu scribble → tạo dummy zeros.
2025-09-15 07:56:09,942 WARNING: [TestSet|subject16_DE] thiếu scribble → tạo dummy zeros.
2025-09-15 07:56:10,784 WARNING: [TestSet|subject17_DE] thiếu scribble → tạo dummy zeros.
2025-09-15 07:56:11,621 WARNING: [TestSet|subject23_DE] thiếu scribble → tạo dummy zeros.
2025-09-15 07:56:12,228 WARNING: [TestSet|subject28_DE] thiếu scribble → tạo dummy zeros.
2025-09-15 07:56:13,080 WARNING: [TestSet|subject30_DE] thiếu scribble → tạo dummy zeros.
2025-09-15 07:56:15,178 WARNING: [TestSet|subject33_DE] thiếu scribble → tạo dummy zeros.
2025-09-15 07:56:15,962 WARNING: [TestSet|subject35_DE] thiếu scribble → tạo dummy zeros.
2025-09-15 07:56:16,738 WARNING: [TestSet|subject38_DE] thiếu scribble → tạo dummy zeros.
2025-09-15 07:56:17,554 WARNING: [TestSet|subject3_DE] thiếu scribble → tạo dummy zeros.
2025-09-15 07:56:18,383 WARNING: [TestSet|subject40_DE] thiếu scribble → tạo dummy zeros.
2025-09-15 07:56:19,385 WARNING: [TestSet|subject43_DE] thiếu scribble → tạo dummy zeros.
2025-09-15 07:56:20,257 WARNING: [TestSet|subject5_DE] thiếu scribble → tạo dummy zeros.
2025-09-15 07:56:20,916 INFO: Done. Wrote 686 h5 file(s) to: Scribble-S4MIS/data/MSCMRseg/MSCMRseg_training_slices
2025-09-15 07:56:20,916 INFO: Index: Scribble-S4MIS/data/MSCMRseg/MSCMRseg_training_slices/index.csv
